<?xml version="1.0" encoding="UTF-8"?>
<!-- Generated by org.testng.reporters.JUnitReportReporter -->
<testsuite skipped="0" hostname="LAPTOP-PH4T5HGA" name="com.bbcnews.testcase.BBCNewsAppTest" tests="1" failures="0" timestamp="2023-01-04T11:16:35 GMT" time="36.601" errors="0">
  <testcase name="e2eTest" time="36.601" classname="com.bbcnews.testcase.BBCNewsAppTest"/>
  <system-out/>
</testsuite> <!-- com.bbcnews.testcase.BBCNewsAppTest -->
