<?xml version="1.0" encoding="UTF-8"?>
<!-- Generated by org.testng.reporters.JUnitReportReporter -->
<testsuite skipped="0" hostname="LAPTOP-PH4T5HGA" name="com.bbcnews.testcase.HomePageTest" tests="1" failures="0" timestamp="2022-12-31T23:20:37 GMT" time="46.731" errors="0">
  <testcase name="homeTest" time="46.731" classname="com.bbcnews.testcase.HomePageTest"/>
  <system-out/>
</testsuite> <!-- com.bbcnews.testcase.HomePageTest -->
