<?xml version="1.0" encoding="UTF-8"?>
<!-- Generated by org.testng.reporters.JUnitReportReporter -->
<testsuite skipped="0" hostname="LAPTOP-PH4T5HGA" name="testrunner.Runner" tests="3" failures="0" timestamp="2023-01-04T10:35:58 GMT" time="172.617" errors="0">
  <testcase name="runScenario" time="64.565" classname="testrunner.Runner"/>
  <system-out/>
  <testcase name="runScenario" time="53.911" classname="testrunner.Runner"/>
  <system-out/>
  <testcase name="runScenario" time="54.141" classname="testrunner.Runner"/>
  <system-out/>
</testsuite> <!-- testrunner.Runner -->
