<?xml version="1.0" encoding="UTF-8"?>
<!-- Generated by org.testng.reporters.JUnitReportReporter -->
<testsuite skipped="0" hostname="LAPTOP-PH4T5HGA" name="com.bbcnews.testcase.SearchPageTest" tests="1" failures="0" timestamp="2022-12-31T23:20:37 GMT" time="39.860" errors="0">
  <testcase name="searchTest" time="39.860" classname="com.bbcnews.testcase.SearchPageTest"/>
  <system-out/>
</testsuite> <!-- com.bbcnews.testcase.SearchPageTest -->
