<?xml version="1.0" encoding="UTF-8"?>
<!-- Generated by org.testng.reporters.JUnitReportReporter -->
<testsuite skipped="0" hostname="LAPTOP-PH4T5HGA" name="com.bbcnews.testcase.SignInPageTest" tests="1" failures="0" timestamp="2022-12-30T23:39:47 GMT" time="61.355" errors="0">
  <testcase name="signinTest" time="61.355" classname="com.bbcnews.testcase.SignInPageTest"/>
  <system-out/>
</testsuite> <!-- com.bbcnews.testcase.SignInPageTest -->
