<?xml version="1.0" encoding="UTF-8"?>
<!-- Generated by org.testng.reporters.JUnitReportReporter -->
<testsuite skipped="0" hostname="LAPTOP-PH4T5HGA" name="testrunner.Runner" tests="3" failures="0" timestamp="2023-01-03T19:41:21 GMT" time="190.136" errors="0">
  <testcase name="runScenario" time="69.978" classname="testrunner.Runner"/>
  <system-out/>
  <testcase name="runScenario" time="60.674" classname="testrunner.Runner"/>
  <system-out/>
  <testcase name="runScenario" time="59.484" classname="testrunner.Runner"/>
  <system-out/>
</testsuite> <!-- testrunner.Runner -->
